{
  "RSpec": {
    "coverage": {
      "/home/przemo/rubyProjekt/lib/blackjack.rb": [
        1,
        1,
        null,
        1,
        null,
        1,
        1,
        null,
        1,
        36,
        36,
        36,
        36,
        36,
        36,
        36,
        null,
        null,
        1,
        18,
        18,
        18,
        null,
        18,
        36,
        36,
        null,
        null,
        18,
        18,
        18,
        18,
        null,
        18,
        null,
        null,
        null,
        3,
        null,
        null,
        null,
        1,
        17,
        17,
        10,
        7,
        7,
        null,
        null,
        null,
        null,
        1,
        6,
        6,
        6,
        6,
        null,
        null,
        6,
        2,
        null,
        null,
        null,
        null,
        1,
        4,
        null,
        null,
        1,
        5,
        1,
        4,
        1,
        3,
        3,
        1,
        2,
        1,
        1,
        1,
        null,
        null,
        null,
        null,
        1,
        0,
        0,
        0,
        0,
        null,
        null,
        1,
        1,
        17,
        null,
        17,
        7,
        7,
        null,
        null,
        null
      ],
      "/home/przemo/rubyProjekt/lib/deck.rb": [
        1,
        null,
        1,
        1,
        1,
        null,
        1,
        null,
        1,
        45,
        45,
        45,
        45,
        null,
        null,
        1,
        37,
        null,
        null,
        1,
        91,
        null,
        null,
        1,
        11,
        11,
        11,
        null,
        11,
        62,
        null,
        null,
        null,
        1,
        1,
        45,
        180,
        2340,
        null,
        null,
        null,
        null,
        1,
        62,
        62,
        62,
        62,
        null,
        null,
        null
      ],
      "/home/przemo/rubyProjekt/lib/card.rb": [
        1,
        1,
        1,
        1,
        null,
        1,
        2422,
        2422,
        2422,
        2422,
        null,
        0,
        0,
        null,
        null,
        null,
        1,
        18,
        17,
        null,
        1,
        null,
        null,
        null
      ],
      "/home/przemo/rubyProjekt/lib/hand.rb": [
        1,
        null,
        1,
        null,
        null,
        null,
        null,
        null,
        null,
        null,
        null,
        null,
        null,
        null,
        null,
        null,
        null,
        1,
        null,
        1,
        45,
        null,
        null,
        1,
        101,
        null,
        null,
        1,
        61,
        224,
        null,
        61,
        61,
        163,
        163,
        null,
        null,
        61,
        41,
        null,
        null,
        61,
        null,
        null,
        1,
        11,
        null,
        33,
        null,
        11,
        6,
        6,
        6,
        null,
        5,
        null,
        null,
        null
      ]
    },
    "timestamp": 1578860052
  }
}
